<?xml version="1.0" encoding="UTF-8"?>
<testng-results ignored="0" total="3" passed="2" failed="1" skipped="0">
  <reporter-output>
  </reporter-output>
  <suite started-at="2023-10-06T16:01:11 IST" name="Suite" finished-at="2023-10-06T16:01:31 IST" duration-ms="20413">
    <groups>
    </groups>
    <test started-at="2023-10-06T16:01:11 IST" name="Test" finished-at="2023-10-06T16:01:31 IST" duration-ms="20413">
      <class name="com.onkar.testcases.Login">
        <test-method is-config="true" signature="setup(java.lang.String)[pri:0, instance:com.onkar.testcases.Login@4310d43]" started-at="2023-10-06T16:01:11 IST" name="setup" finished-at="2023-10-06T16:01:15 IST" duration-ms="3374" status="PASS">
          <params>
            <param index="0">
              <value>
                <![CDATA[ie]]>
              </value>
            </param>
          </params>
          <reporter-output>
          </reporter-output>
        </test-method> <!-- setup -->
        <test-method signature="Register()[pri:1, instance:com.onkar.testcases.Login@4310d43]" started-at="2023-10-06T16:01:15 IST" name="Register" finished-at="2023-10-06T16:01:19 IST" duration-ms="4043" status="PASS">
          <reporter-output>
          </reporter-output>
        </test-method> <!-- Register -->
        <test-method is-config="true" signature="teardown()[pri:0, instance:com.onkar.testcases.Login@4310d43]" started-at="2023-10-06T16:01:19 IST" name="teardown" finished-at="2023-10-06T16:01:19 IST" duration-ms="242" status="PASS">
          <reporter-output>
          </reporter-output>
        </test-method> <!-- teardown -->
        <test-method is-config="true" signature="setup(java.lang.String)[pri:0, instance:com.onkar.testcases.Login@4310d43]" started-at="2023-10-06T16:01:19 IST" name="setup" finished-at="2023-10-06T16:01:21 IST" duration-ms="2473" status="PASS">
          <params>
            <param index="0">
              <value>
                <![CDATA[ie]]>
              </value>
            </param>
          </params>
          <reporter-output>
          </reporter-output>
        </test-method> <!-- setup -->
        <test-method signature="verifyLoginInValidcred()[pri:2, instance:com.onkar.testcases.Login@4310d43]" started-at="2023-10-06T16:01:21 IST" name="verifyLoginInValidcred" finished-at="2023-10-06T16:01:24 IST" duration-ms="2523" status="FAIL">
          <exception class="java.lang.AssertionError">
            <message>
              <![CDATA[InvalidPass check assertion check failed.. expected [:-)Warning: No match for E-Mail Address and/or Password.] but found [Warning: No match for E-Mail Address and/or Password.]]]>
            </message>
            <full-stacktrace>
              <![CDATA[java.lang.AssertionError: InvalidPass check assertion check failed.. expected [:-)Warning: No match for E-Mail Address and/or Password.] but found [Warning: No match for E-Mail Address and/or Password.]
at org.testng.Assert.fail(Assert.java:110)
at org.testng.Assert.failNotEquals(Assert.java:1577)
at org.testng.Assert.assertEqualsImpl(Assert.java:149)
at org.testng.Assert.assertEquals(Assert.java:131)
at org.testng.Assert.assertEquals(Assert.java:655)
at com.onkar.testcases.Login.verifyLoginInValidcred(Login.java:39)
at java.base/jdk.internal.reflect.NativeMethodAccessorImpl.invoke0(Native Method)
at java.base/jdk.internal.reflect.NativeMethodAccessorImpl.invoke(NativeMethodAccessorImpl.java:77)
at java.base/jdk.internal.reflect.DelegatingMethodAccessorImpl.invoke(DelegatingMethodAccessorImpl.java:43)
at java.base/java.lang.reflect.Method.invoke(Method.java:568)
at org.testng.internal.invokers.MethodInvocationHelper.invokeMethod(MethodInvocationHelper.java:139)
at org.testng.internal.invokers.TestInvoker.invokeMethod(TestInvoker.java:677)
at org.testng.internal.invokers.TestInvoker.invokeTestMethod(TestInvoker.java:221)
at org.testng.internal.invokers.MethodRunner.runInSequence(MethodRunner.java:50)
at org.testng.internal.invokers.TestInvoker$MethodInvocationAgent.invoke(TestInvoker.java:969)
at org.testng.internal.invokers.TestInvoker.invokeTestMethods(TestInvoker.java:194)
at org.testng.internal.invokers.TestMethodWorker.invokeTestMethods(TestMethodWorker.java:148)
at org.testng.internal.invokers.TestMethodWorker.run(TestMethodWorker.java:128)
at java.base/java.util.ArrayList.forEach(ArrayList.java:1511)
at org.testng.TestRunner.privateRun(TestRunner.java:829)
at org.testng.TestRunner.run(TestRunner.java:602)
at org.testng.SuiteRunner.runTest(SuiteRunner.java:437)
at org.testng.SuiteRunner.runSequentially(SuiteRunner.java:431)
at org.testng.SuiteRunner.privateRun(SuiteRunner.java:391)
at org.testng.SuiteRunner.run(SuiteRunner.java:330)
at org.testng.SuiteRunnerWorker.runSuite(SuiteRunnerWorker.java:52)
at org.testng.SuiteRunnerWorker.run(SuiteRunnerWorker.java:95)
at org.testng.TestNG.runSuitesSequentially(TestNG.java:1256)
at org.testng.TestNG.runSuitesLocally(TestNG.java:1176)
at org.testng.TestNG.runSuites(TestNG.java:1099)
at org.testng.TestNG.run(TestNG.java:1067)
at org.testng.remote.AbstractRemoteTestNG.run(AbstractRemoteTestNG.java:115)
at org.testng.remote.RemoteTestNG.initAndRun(RemoteTestNG.java:251)
at org.testng.remote.RemoteTestNG.main(RemoteTestNG.java:77)
]]>
            </full-stacktrace>
          </exception> <!-- java.lang.AssertionError -->
          <reporter-output>
          </reporter-output>
        </test-method> <!-- verifyLoginInValidcred -->
        <test-method is-config="true" signature="teardown()[pri:0, instance:com.onkar.testcases.Login@4310d43]" started-at="2023-10-06T16:01:25 IST" name="teardown" finished-at="2023-10-06T16:01:25 IST" duration-ms="226" status="PASS">
          <reporter-output>
          </reporter-output>
        </test-method> <!-- teardown -->
        <test-method is-config="true" signature="setup(java.lang.String)[pri:0, instance:com.onkar.testcases.Login@4310d43]" started-at="2023-10-06T16:01:25 IST" name="setup" finished-at="2023-10-06T16:01:28 IST" duration-ms="2544" status="PASS">
          <params>
            <param index="0">
              <value>
                <![CDATA[ie]]>
              </value>
            </param>
          </params>
          <reporter-output>
          </reporter-output>
        </test-method> <!-- setup -->
        <test-method signature="verifyLoginValidcred()[pri:3, instance:com.onkar.testcases.Login@4310d43]" started-at="2023-10-06T16:01:28 IST" name="verifyLoginValidcred" finished-at="2023-10-06T16:01:31 IST" duration-ms="3308" status="PASS">
          <reporter-output>
          </reporter-output>
        </test-method> <!-- verifyLoginValidcred -->
        <test-method is-config="true" signature="teardown()[pri:0, instance:com.onkar.testcases.Login@4310d43]" started-at="2023-10-06T16:01:31 IST" name="teardown" finished-at="2023-10-06T16:01:31 IST" duration-ms="210" status="PASS">
          <reporter-output>
          </reporter-output>
        </test-method> <!-- teardown -->
      </class> <!-- com.onkar.testcases.Login -->
    </test> <!-- Test -->
  </suite> <!-- Suite -->
</testng-results>
